{
  "Cucumber Features": {
    "coverage": {
      "/home/ubuntu/workspace/app/models/job.rb": [
        1,
        1,
        1,
        1,
        1,
        null,
        1,
        1,
        0,
        null,
        null,
        null,
        null,
        null
      ],
      "/home/ubuntu/workspace/app/models/resume.rb": [
        1,
        1,
        1,
        1,
        null
      ],
      "/home/ubuntu/workspace/app/uploaders/attachment_uploader.rb": [
        null,
        null,
        1,
        null,
        null,
        null,
        null,
        null,
        null,
        1,
        null,
        null,
        null,
        null,
        1,
        0,
        null,
        null,
        1,
        0,
        null,
        null,
        null,
        null,
        null,
        null,
        null,
        null,
        null,
        null,
        null,
        null,
        null,
        null,
        null,
        null,
        null,
        null,
        null,
        null,
        null,
        null,
        null,
        null,
        null,
        null,
        null,
        null,
        null,
        null,
        null,
        null,
        null,
        null,
        null
      ],
      "/home/ubuntu/workspace/app/controllers/jobs_controller.rb": [
        1,
        1,
        null,
        null,
        null,
        1,
        null,
        1,
        1,
        1,
        0,
        null,
        1,
        0,
        null,
        1,
        null,
        null,
        null,
        1,
        null,
        null,
        1,
        null,
        null,
        null,
        null,
        1,
        1,
        null,
        null,
        null,
        null,
        1,
        null,
        0,
        null,
        null,
        null,
        null,
        null,
        null,
        null,
        1,
        0,
        null,
        null,
        null,
        null,
        1,
        0,
        0,
        0,
        0,
        0,
        0,
        0,
        null,
        0,
        0,
        null,
        null,
        null,
        null,
        null,
        null,
        1,
        0,
        0,
        0,
        0,
        null,
        null,
        null,
        null,
        null,
        null,
        null,
        1,
        0,
        0,
        0,
        null,
        null,
        0,
        0,
        0,
        0,
        null,
        null,
        null,
        1,
        null,
        1,
        1,
        null,
        null,
        null,
        1,
        0,
        null,
        null
      ],
      "/home/ubuntu/workspace/app/controllers/application_controller.rb": [
        1,
        null,
        null,
        1,
        null,
        1,
        null,
        null,
        null,
        1,
        null,
        null,
        1,
        null,
        null,
        1,
        null,
        null,
        1,
        null,
        null,
        1,
        null,
        null,
        1,
        null,
        null,
        null
      ],
      "/home/ubuntu/workspace/app/controllers/resumes_controller.rb": [
        1,
        null,
        1,
        0,
        0,
        0,
        0,
        0,
        0,
        0,
        null,
        null,
        null,
        0,
        0,
        null,
        0,
        null,
        null,
        1,
        1,
        0,
        0,
        null,
        null,
        1,
        1,
        null,
        null,
        null,
        1,
        0,
        0,
        0,
        0,
        0,
        null,
        0,
        null,
        null,
        null,
        1,
        1,
        0,
        null,
        null
      ],
      "/home/ubuntu/workspace/app/controllers/guidelines_controller.rb": [
        1,
        null,
        1,
        null,
        null,
        1,
        null,
        null,
        1,
        null,
        null,
        1,
        null,
        null,
        1,
        null,
        null,
        1,
        null,
        null,
        1,
        null,
        null,
        null
      ],
      "/home/ubuntu/workspace/app/controllers/adminpanel_controller.rb": [
        0,
        0,
        0,
        0,
        0,
        0,
        0,
        0,
        0,
        0,
        0,
        0,
        0,
        0,
        0,
        0,
        0,
        0,
        0,
        0,
        0,
        0,
        0,
        0,
        0,
        0,
        0,
        0,
        0
      ]
    },
    "timestamp": 1460745170
  },
  "RSpec": {
    "coverage": {
      "/home/ubuntu/workspace/app/controllers/adminpanel_controller.rb": [
        1,
        1,
        2,
        1,
        1,
        1,
        null,
        null,
        1,
        1,
        null,
        null,
        null,
        1,
        0,
        null,
        null,
        1,
        0,
        0,
        0,
        0,
        null,
        0,
        0,
        null,
        null,
        null,
        null
      ],
      "/home/ubuntu/workspace/app/controllers/application_controller.rb": [
        1,
        null,
        null,
        1,
        null,
        1,
        null,
        null,
        null,
        1,
        null,
        null,
        1,
        null,
        null,
        1,
        null,
        null,
        1,
        null,
        null,
        1,
        null,
        null,
        1,
        null,
        null,
        null
      ],
      "/home/ubuntu/workspace/app/controllers/guidelines_controller.rb": [
        1,
        null,
        1,
        null,
        null,
        1,
        null,
        null,
        1,
        null,
        null,
        1,
        null,
        null,
        1,
        null,
        null,
        1,
        null,
        null,
        1,
        null,
        null,
        null
      ],
      "/home/ubuntu/workspace/app/controllers/jobs_controller.rb": [
        1,
        1,
        null,
        null,
        null,
        1,
        null,
        2,
        2,
        2,
        1,
        null,
        2,
        1,
        null,
        1,
        null,
        null,
        null,
        1,
        null,
        null,
        1,
        null,
        null,
        null,
        null,
        1,
        1,
        null,
        null,
        null,
        null,
        1,
        null,
        1,
        null,
        null,
        null,
        null,
        null,
        null,
        null,
        1,
        2,
        null,
        null,
        null,
        null,
        1,
        2,
        2,
        2,
        1,
        1,
        2,
        1,
        null,
        2,
        1,
        null,
        null,
        null,
        null,
        null,
        null,
        1,
        1,
        1,
        2,
        1,
        null,
        null,
        null,
        null,
        null,
        null,
        null,
        1,
        2,
        2,
        1,
        null,
        null,
        2,
        2,
        4,
        2,
        null,
        null,
        null,
        1,
        null,
        1,
        6,
        null,
        null,
        null,
        1,
        3,
        null,
        null
      ],
      "/home/ubuntu/workspace/app/controllers/resumes_controller.rb": [
        1,
        null,
        1,
        2,
        2,
        1,
        1,
        1,
        1,
        1,
        null,
        null,
        null,
        1,
        1,
        null,
        2,
        null,
        null,
        1,
        2,
        1,
        1,
        null,
        null,
        1,
        1,
        null,
        null,
        null,
        1,
        2,
        2,
        2,
        2,
        1,
        null,
        1,
        null,
        null,
        null,
        1,
        1,
        2,
        null,
        null
      ],
      "/home/ubuntu/workspace/app/models/resume.rb": [
        1,
        1,
        1,
        1,
        null
      ],
      "/home/ubuntu/workspace/app/uploaders/attachment_uploader.rb": [
        null,
        null,
        1,
        null,
        null,
        null,
        null,
        null,
        null,
        1,
        null,
        null,
        null,
        null,
        1,
        4,
        null,
        null,
        1,
        11,
        null,
        null,
        null,
        null,
        null,
        null,
        null,
        null,
        null,
        null,
        null,
        null,
        null,
        null,
        null,
        null,
        null,
        null,
        null,
        null,
        null,
        null,
        null,
        null,
        null,
        null,
        null,
        null,
        null,
        null,
        null,
        null,
        null,
        null,
        null
      ],
      "/home/ubuntu/workspace/app/models/job.rb": [
        1,
        1,
        1,
        1,
        1,
        null,
        1,
        6,
        1,
        null,
        null,
        null,
        null,
        null
      ]
    },
    "timestamp": 1460719688
  }
}
